[2026-05-01 15:32:51] local.ERROR: The C:\projects\MedicalAppointmentSystem_ORIGINAL_ADMIN_STATUS\MedicalAppointmentSystem_ORIGINAL_ADMIN_STATUS\Medical.WebApp\bootstrap\cache directory must be present and writable. {"exception":"[object] (Exception(code: 0): The C:\\projects\\MedicalAppointmentSystem_ORIGINAL_ADMIN_STATUS\\MedicalAppointmentSystem_ORIGINAL_ADMIN_STATUS\\Medical.WebApp\\bootstrap\\cache directory must be present and writable. at C:/projects/MedicalAppointmentSystem_ORIGINAL_ADMIN_STATUS/MedicalAppointmentSystem_ORIGINAL_ADMIN_STATUS/Medical.WebApp/vendor/laravel/framework/src/Illuminate/Foundation/PackageManifest.php:179)
[stacktrace]
#0 C:/projects/MedicalAppointmentSystem_ORIGINAL_ADMIN_STATUS/MedicalAppointmentSystem_ORIGINAL_ADMIN_STATUS/Medical.WebApp/vendor/laravel/framework/src/Illuminate/Foundation/PackageManifest.php(132): Illuminate/Foundation/PackageManifest->write(Array)
#1 C:/projects/MedicalAppointmentSystem_ORIGINAL_ADMIN_STATUS/MedicalAppointmentSystem_ORIGINAL_ADMIN_STATUS/Medical.WebApp/vendor/laravel/framework/src/Illuminate/Foundation/PackageManifest.php(108): Illuminate/Foundation/PackageManifest->build()
#2 C:/projects/MedicalAppointmentSystem_ORIGINAL_ADMIN_STATUS/MedicalAppointmentSystem_ORIGINAL_ADMIN_STATUS/Medical.WebApp/vendor/laravel/framework/src/Illuminate/Foundation/PackageManifest.php(90): Illuminate/Foundation/PackageManifest->getManifest()
#3 C:/projects/MedicalAppointmentSystem_ORIGINAL_ADMIN_STATUS/MedicalAppointmentSystem_ORIGINAL_ADMIN_STATUS/Medical.WebApp/vendor/laravel/framework/src/Illuminate/Foundation/PackageManifest.php(79): Illuminate/Foundation/PackageManifest->config('aliases')
#4 C:/projects/MedicalAppointmentSystem_ORIGINAL_ADMIN_STATUS/MedicalAppointmentSystem_ORIGINAL_ADMIN_STATUS/Medical.WebApp/vendor/laravel/framework/src/Illuminate/Foundation/Bootstrap/RegisterFacades.php(26): Illuminate/Foundation/PackageManifest->aliases()
#5 C:/projects/MedicalAppointmentSystem_ORIGINAL_ADMIN_STATUS/MedicalAppointmentSystem_ORIGINAL_ADMIN_STATUS/Medical.WebApp/vendor/laravel/framework/src/Illuminate/Foundation/Application.php(342): Illuminate/Foundation/Bootstrap/RegisterFacades->bootstrap(Object(Illuminate/Foundation/Application))
#6 C:/projects/MedicalAppointmentSystem_ORIGINAL_ADMIN_STATUS/MedicalAppointmentSystem_ORIGINAL_ADMIN_STATUS/Medical.WebApp/vendor/laravel/framework/src/Illuminate/Foundation/Console/Kernel.php(494): Illuminate/Foundation/Application->bootstrapWith(Array)
#7 C:/projects/MedicalAppointmentSystem_ORIGINAL_ADMIN_STATUS/MedicalAppointmentSystem_ORIGINAL_ADMIN_STATUS/Medical.WebApp/vendor/laravel/framework/src/Illuminate/Foundation/Console/Kernel.php(196): Illuminate/Foundation/Console/Kernel->bootstrap()
#8 C:/projects/MedicalAppointmentSystem_ORIGINAL_ADMIN_STATUS/MedicalAppointmentSystem_ORIGINAL_ADMIN_STATUS/Medical.WebApp/vendor/laravel/framework/src/Illuminate/Foundation/Application.php(1235): Illuminate/Foundation/Console/Kernel->handle(Object(Symfony/Component/Console/Input/ArgvInput), Object(Symfony/Component/Console/Output/ConsoleOutput))
#9 C:/projects/MedicalAppointmentSystem_ORIGINAL_ADMIN_STATUS/MedicalAppointmentSystem_ORIGINAL_ADMIN_STATUS/Medical.WebApp/artisan(7): Illuminate/Foundation/Application->handleCommand(Object(Symfony/Component/Console/Input/ArgvInput))
#10 {main}
"} 
[2026-05-01 15:33:08] local.ERROR: The C:\projects\MedicalAppointmentSystem_ORIGINAL_ADMIN_STATUS\MedicalAppointmentSystem_ORIGINAL_ADMIN_STATUS\Medical.WebApp\bootstrap\cache directory must be present and writable. {"exception":"[object] (Exception(code: 0): The C:\\projects\\MedicalAppointmentSystem_ORIGINAL_ADMIN_STATUS\\MedicalAppointmentSystem_ORIGINAL_ADMIN_STATUS\\Medical.WebApp\\bootstrap\\cache directory must be present and writable. at C:/projects/MedicalAppointmentSystem_ORIGINAL_ADMIN_STATUS/MedicalAppointmentSystem_ORIGINAL_ADMIN_STATUS/Medical.WebApp/vendor/laravel/framework/src/Illuminate/Foundation/PackageManifest.php:179)
[stacktrace]
#0 C:/projects/MedicalAppointmentSystem_ORIGINAL_ADMIN_STATUS/MedicalAppointmentSystem_ORIGINAL_ADMIN_STATUS/Medical.WebApp/vendor/laravel/framework/src/Illuminate/Foundation/PackageManifest.php(132): Illuminate/Foundation/PackageManifest->write(Array)
#1 C:/projects/MedicalAppointmentSystem_ORIGINAL_ADMIN_STATUS/MedicalAppointmentSystem_ORIGINAL_ADMIN_STATUS/Medical.WebApp/vendor/laravel/framework/src/Illuminate/Foundation/PackageManifest.php(108): Illuminate/Foundation/PackageManifest->build()
#2 C:/projects/MedicalAppointmentSystem_ORIGINAL_ADMIN_STATUS/MedicalAppointmentSystem_ORIGINAL_ADMIN_STATUS/Medical.WebApp/vendor/laravel/framework/src/Illuminate/Foundation/PackageManifest.php(90): Illuminate/Foundation/PackageManifest->getManifest()
#3 C:/projects/MedicalAppointmentSystem_ORIGINAL_ADMIN_STATUS/MedicalAppointmentSystem_ORIGINAL_ADMIN_STATUS/Medical.WebApp/vendor/laravel/framework/src/Illuminate/Foundation/PackageManifest.php(79): Illuminate/Foundation/PackageManifest->config('aliases')
#4 C:/projects/MedicalAppointmentSystem_ORIGINAL_ADMIN_STATUS/MedicalAppointmentSystem_ORIGINAL_ADMIN_STATUS/Medical.WebApp/vendor/laravel/framework/src/Illuminate/Foundation/Bootstrap/RegisterFacades.php(26): Illuminate/Foundation/PackageManifest->aliases()
#5 C:/projects/MedicalAppointmentSystem_ORIGINAL_ADMIN_STATUS/MedicalAppointmentSystem_ORIGINAL_ADMIN_STATUS/Medical.WebApp/vendor/laravel/framework/src/Illuminate/Foundation/Application.php(342): Illuminate/Foundation/Bootstrap/RegisterFacades->bootstrap(Object(Illuminate/Foundation/Application))
#6 C:/projects/MedicalAppointmentSystem_ORIGINAL_ADMIN_STATUS/MedicalAppointmentSystem_ORIGINAL_ADMIN_STATUS/Medical.WebApp/vendor/laravel/framework/src/Illuminate/Foundation/Console/Kernel.php(494): Illuminate/Foundation/Application->bootstrapWith(Array)
#7 C:/projects/MedicalAppointmentSystem_ORIGINAL_ADMIN_STATUS/MedicalAppointmentSystem_ORIGINAL_ADMIN_STATUS/Medical.WebApp/vendor/laravel/framework/src/Illuminate/Foundation/Console/Kernel.php(196): Illuminate/Foundation/Console/Kernel->bootstrap()
#8 C:/projects/MedicalAppointmentSystem_ORIGINAL_ADMIN_STATUS/MedicalAppointmentSystem_ORIGINAL_ADMIN_STATUS/Medical.WebApp/vendor/laravel/framework/src/Illuminate/Foundation/Application.php(1235): Illuminate/Foundation/Console/Kernel->handle(Object(Symfony/Component/Console/Input/ArgvInput), Object(Symfony/Component/Console/Output/ConsoleOutput))
#9 C:/projects/MedicalAppointmentSystem_ORIGINAL_ADMIN_STATUS/MedicalAppointmentSystem_ORIGINAL_ADMIN_STATUS/Medical.WebApp/artisan(7): Illuminate/Foundation/Application->handleCommand(Object(Symfony/Component/Console/Input/ArgvInput))
#10 {main}
"} 
[2026-05-01 19:41:19] local.ERROR: No arguments expected for "serve" command, got "port". {"exception":"[object] (Symfony\\Component\\Console\\Exception\\RuntimeException(code: 0): No arguments expected for \"serve\" command, got \"port\". at C:/projects/MedicalAppointmentSystem_ORIGINAL_ADMIN_STATUS/MedicalAppointmentSystem_ORIGINAL_ADMIN_STATUS/Medical.WebApp/vendor/symfony/console/Input/ArgvInput.php:199)
[stacktrace]
#0 C:/projects/MedicalAppointmentSystem_ORIGINAL_ADMIN_STATUS/MedicalAppointmentSystem_ORIGINAL_ADMIN_STATUS/Medical.WebApp/vendor/symfony/console/Input/ArgvInput.php(92): Symfony/Component/Console/Input/ArgvInput->parseArgument('port')
#1 C:/projects/MedicalAppointmentSystem_ORIGINAL_ADMIN_STATUS/MedicalAppointmentSystem_ORIGINAL_ADMIN_STATUS/Medical.WebApp/vendor/symfony/console/Input/ArgvInput.php(77): Symfony/Component/Console/Input/ArgvInput->parseToken('port', true)
#2 C:/projects/MedicalAppointmentSystem_ORIGINAL_ADMIN_STATUS/MedicalAppointmentSystem_ORIGINAL_ADMIN_STATUS/Medical.WebApp/vendor/symfony/console/Input/Input.php(53): Symfony/Component/Console/Input/ArgvInput->parse()
#3 C:/projects/MedicalAppointmentSystem_ORIGINAL_ADMIN_STATUS/MedicalAppointmentSystem_ORIGINAL_ADMIN_STATUS/Medical.WebApp/vendor/symfony/console/Command/Command.php(295): Symfony/Component/Console/Input/Input->bind(Object(Symfony/Component/Console/Input/InputDefinition))
#4 C:/projects/MedicalAppointmentSystem_ORIGINAL_ADMIN_STATUS/MedicalAppointmentSystem_ORIGINAL_ADMIN_STATUS/Medical.WebApp/vendor/laravel/framework/src/Illuminate/Console/Command.php(180): Symfony/Component/Console/Command/Command->run(Object(Symfony/Component/Console/Input/ArgvInput), Object(Illuminate/Console/OutputStyle))
#5 C:/projects/MedicalAppointmentSystem_ORIGINAL_ADMIN_STATUS/MedicalAppointmentSystem_ORIGINAL_ADMIN_STATUS/Medical.WebApp/vendor/symfony/console/Application.php(1117): Illuminate/Console/Command->run(Object(Symfony/Component/Console/Input/ArgvInput), Object(Symfony/Component/Console/Output/ConsoleOutput))
#6 C:/projects/MedicalAppointmentSystem_ORIGINAL_ADMIN_STATUS/MedicalAppointmentSystem_ORIGINAL_ADMIN_STATUS/Medical.WebApp/vendor/symfony/console/Application.php(356): Symfony/Component/Console/Application->doRunCommand(Object(Illuminate/Foundation/Console/ServeCommand), Object(Symfony/Component/Console/Input/ArgvInput), Object(Symfony/Component/Console/Output/ConsoleOutput))
#7 C:/projects/MedicalAppointmentSystem_ORIGINAL_ADMIN_STATUS/MedicalAppointmentSystem_ORIGINAL_ADMIN_STATUS/Medical.WebApp/vendor/symfony/console/Application.php(195): Symfony/Component/Console/Application->doRun(Object(Symfony/Component/Console/Input/ArgvInput), Object(Symfony/Component/Console/Output/ConsoleOutput))
#8 C:/projects/MedicalAppointmentSystem_ORIGINAL_ADMIN_STATUS/MedicalAppointmentSystem_ORIGINAL_ADMIN_STATUS/Medical.WebApp/vendor/laravel/framework/src/Illuminate/Foundation/Console/Kernel.php(198): Symfony/Component/Console/Application->run(Object(Symfony/Component/Console/Input/ArgvInput), Object(Symfony/Component/Console/Output/ConsoleOutput))
#9 C:/projects/MedicalAppointmentSystem_ORIGINAL_ADMIN_STATUS/MedicalAppointmentSystem_ORIGINAL_ADMIN_STATUS/Medical.WebApp/vendor/laravel/framework/src/Illuminate/Foundation/Application.php(1235): Illuminate/Foundation/Console/Kernel->handle(Object(Symfony/Component/Console/Input/ArgvInput), Object(Symfony/Component/Console/Output/ConsoleOutput))
#10 C:/projects/MedicalAppointmentSystem_ORIGINAL_ADMIN_STATUS/MedicalAppointmentSystem_ORIGINAL_ADMIN_STATUS/Medical.WebApp/artisan(7): Illuminate/Foundation/Application->handleCommand(Object(Symfony/Component/Console/Input/ArgvInput))
#11 {main}
"} 
